<?xml version="1.0" encoding="UTF-8"?>
<Site BuildName="(empty)"
	BuildStamp="20200306-0725-Experimental"
	Name="(empty)"
	Generator="ctest-3.10.2"
	CompilerName=""
	CompilerVersion=""
	OSName="Linux"
	Hostname="DESKTOP-I7HPJ5E"
	OSRelease="4.4.0-18362-Microsoft"
	OSVersion="#476-Microsoft Fri Nov 01 16:53:00 PST 2019"
	OSPlatform="x86_64"
	Is64Bits="1"
	VendorString="GenuineIntel"
	VendorID="Intel Corporation"
	FamilyID="6"
	ModelID="158"
	ProcessorCacheSize="256"
	NumberOfLogicalCPU="8"
	NumberOfPhysicalCPU="4"
	TotalVirtualMemory="24576"
	TotalPhysicalMemory="8052"
	LogicalProcessorsPerPhysical="2"
	ProcessorClockFrequency="2304"
	>
	<Testing>
		<StartDateTime>Mar 06 08:25 CET</StartDateTime>
		<StartTestTime>1583479528</StartTestTime>
		<TestList/>
		<EndDateTime>Mar 06 08:25 CET</EndDateTime>
		<EndTestTime>1583479528</EndTestTime>
		<ElapsedMinutes>0</ElapsedMinutes>
	</Testing>
</Site>
